#
# A fatal error has been detected by the Java Runtime Environment:
#
#  Internal Error (javaClasses.cpp:136), pid=7244, tid=7504
#  fatal error: Invalid layout of preloaded class
#
# JRE version:  (7.0_51-b13) (build )
# Java VM: Java HotSpot(TM) 64-Bit Server VM (24.51-b03 mixed mode windows-amd64 compressed oops)
# Failed to write core dump. Minidumps are not enabled by default on client versions of Windows
#
# If you would like to submit a bug report, please visit:
#   http://bugreport.sun.com/bugreport/crash.jsp
#

---------------  T H R E A D  ---------------

Current thread (0x0000000001bae000):  JavaThread "Unknown thread" [_thread_in_vm, id=7504, stack(0x0000000001fb0000,0x00000000020b0000)]

Stack: [0x0000000001fb0000,0x00000000020b0000]

---------------  P R O C E S S  ---------------

Java Threads: ( => current thread )

Other Threads:

=>0x0000000001bae000 (exited) JavaThread "Unknown thread" [_thread_in_vm, id=7504, stack(0x0000000001fb0000,0x00000000020b0000)]

VM state:not at safepoint (not fully initialized)

VM Mutex/Monitor currently owned by a thread: None

GC Heap History (0 events):
No events

Deoptimization events (0 events):
No events

Internal exceptions (0 events):
No events

Events (10 events):
Event: 0.017 loading class 0x0000000001d3ec00 done
Event: 0.017 loading class 0x0000000001d3e620 done
Event: 0.017 loading class 0x0000000001d3e600
Event: 0.017 loading class 0x0000000001d46700
Event: 0.017 loading class 0x0000000001d46700 done
Event: 0.017 loading class 0x0000000001d46730
Event: 0.017 loading class 0x0000000001d46730 done
Event: 0.017 loading class 0x0000000001d46760
Event: 0.017 loading class 0x0000000001d46760 done
Event: 0.017 loading class 0x0000000001d3e600 done


Dynamic libraries:
0x000000013f3f0000 - 0x000000013f423000 	C:\Program Files\Java\jre7\bin\javaw.exe
0x0000000077580000 - 0x0000000077729000 	C:\Windows\SYSTEM32\ntdll.dll
0x0000000077360000 - 0x000000007747f000 	C:\Windows\system32\kernel32.dll
0x000007fefd4b0000 - 0x000007fefd51c000 	C:\Windows\system32\KERNELBASE.dll
0x000007feff520000 - 0x000007feff5fb000 	C:\Windows\system32\ADVAPI32.dll
0x000007fefdcd0000 - 0x000007fefdd6f000 	C:\Windows\system32\msvcrt.dll
0x000007fefdbb0000 - 0x000007fefdbcf000 	C:\Windows\SYSTEM32\sechost.dll
0x000007fefe240000 - 0x000007fefe36d000 	C:\Windows\system32\RPCRT4.dll
0x0000000077480000 - 0x000000007757a000 	C:\Windows\system32\USER32.dll
0x000007fefd800000 - 0x000007fefd867000 	C:\Windows\system32\GDI32.dll
0x000007fefdba0000 - 0x000007fefdbae000 	C:\Windows\system32\LPK.dll
0x000007fefdbd0000 - 0x000007fefdc99000 	C:\Windows\system32\USP10.dll
0x000007fefbdd0000 - 0x000007fefbfc4000 	C:\Windows\WinSxS\amd64_microsoft.windows.common-controls_6595b64144ccf1df_6.0.7601.17514_none_fa396087175ac9ac\COMCTL32.dll
0x000007feff4a0000 - 0x000007feff511000 	C:\Windows\system32\SHLWAPI.dll
0x000007fefdca0000 - 0x000007fefdcce000 	C:\Windows\system32\IMM32.DLL
0x000007fefe600000 - 0x000007fefe709000 	C:\Windows\system32\MSCTF.dll
0x000000005fd10000 - 0x000000005fde2000 	C:\Program Files\Java\jre7\bin\msvcr100.dll
0x0000000057aa0000 - 0x0000000058269000 	C:\Program Files\Java\jre7\bin\server\jvm.dll
0x000007fef2cb0000 - 0x000007fef2cb9000 	C:\Windows\system32\WSOCK32.dll
0x000007fefe5b0000 - 0x000007fefe5fd000 	C:\Windows\system32\WS2_32.dll
0x000007fefe5a0000 - 0x000007fefe5a8000 	C:\Windows\system32\NSI.dll
0x000007fef54c0000 - 0x000007fef54fb000 	C:\Windows\system32\WINMM.dll
0x0000000077740000 - 0x0000000077747000 	C:\Windows\system32\PSAPI.DLL
0x000000006ac50000 - 0x000000006ac5f000 	C:\Program Files\Java\jre7\bin\verify.dll
0x000000006a0d0000 - 0x000000006a0f8000 	C:\Program Files\Java\jre7\bin\java.dll
0x000000006a350000 - 0x000000006a365000 	C:\Program Files\Java\jre7\bin\zip.dll

VM Arguments:
jvm_args: -Dfile.encoding=Cp1250 -Xbootclasspath:D:\Android\adt-bundle-windows-x86_64-20131030\sdk\platforms\android-19\android.jar 
java_command: org.eclipse.jdt.internal.junit.runner.RemoteTestRunner -version 3 -port 59187 -testLoaderClass org.eclipse.jdt.internal.junit4.runner.JUnit4TestLoader -loaderpluginname org.eclipse.jdt.junit4.runtime -classNames cz.cvut.fit.klimaada.vycep.hardware.ArduinoTest
Launcher Type: SUN_STANDARD

Environment Variables:
PATH=C:\Program Files\Common Files\Microsoft Shared\Windows Live;C:\Program Files (x86)\Common Files\Microsoft Shared\Windows Live;C:\Windows\system32;C:\Windows;C:\Windows\System32\Wbem;C:\Windows\System32\WindowsPowerShell\v1.0\;C:\Program Files\nodejs\;c:\Program Files (x86)\Microsoft SQL Server\110\Tools\Binn\;c:\Program Files\Microsoft SQL Server\110\Tools\Binn\;c:\Program Files\Microsoft SQL Server\110\DTS\Binn\;C:\Program Files (x86)\Windows Live\Shared;C:\Users\Adam\AppData\Roaming\npm;C:\Program Files (x86)\Astaro\Astaro SSL VPN Client\bin
USERNAME=Adam
OS=Windows_NT
PROCESSOR_IDENTIFIER=Intel64 Family 6 Model 23 Stepping 10, GenuineIntel



---------------  S Y S T E M  ---------------

OS: Windows 7 , 64 bit Build 7601 Service Pack 1

CPU:total 2 (2 cores per cpu, 1 threads per core) family 6 model 23 stepping 10, cmov, cx8, fxsr, mmx, sse, sse2, sse3, ssse3, sse4.1, tsc

Memory: 4k page, physical 8352792k(3382476k free), swap 16703720k(9474588k free)

vm_info: Java HotSpot(TM) 64-Bit Server VM (24.51-b03) for windows-amd64 JRE (1.7.0_51-b13), built on Dec 18 2013 18:40:56 by "java_re" with unknown MS VC++:1600

time: Mon Sep 01 21:31:25 2014
elapsed time: 0 seconds

